<?xml version="1.0" encoding="UTF-8"?>
<!-- Generated by org.testng.reporters.JUnitReportReporter -->
<testsuite hostname="LTIN461553" failures="0" tests="1" name="com.selenium.Elements.FirstTestNGTest" time="42.897" errors="0" timestamp="2024-02-12T18:48:26 IST" skipped="0">
  <testcase classname="com.selenium.Elements.FirstTestNGTest" name="executeTestCase" time="42.897"/>
</testsuite> <!-- com.selenium.Elements.FirstTestNGTest -->
