<?xml version="1.0" encoding="UTF-8"?>
<!-- Generated by org.testng.reporters.JUnitReportReporter -->
<testsuite hostname="LTIN461553" failures="0" tests="2" name="com.selenium.testng.DependencyTest" time="42.683" errors="0" timestamp="2024-02-12T18:58:57 IST" skipped="0">
  <testcase classname="com.selenium.testng.DependencyTest" name="browserInitialize" time="42.528"/>
  <testcase classname="com.selenium.testng.DependencyTest" name="methodToExecute" time="0.155"/>
</testsuite> <!-- com.selenium.testng.DependencyTest -->
