<?xml version="1.0" encoding="UTF-8"?>
<!-- Generated by org.testng.reporters.JUnitReportReporter -->
<testsuite hostname="LTIN461553" failures="0" tests="3" name="com.selenium.testng.PriorityTest" time="10.741" errors="0" timestamp="2024-02-11T13:32:38 IST" skipped="0">
  <testcase classname="com.selenium.testng.PriorityTest" name="browserInitialize" time="10.359"/>
  <testcase classname="com.selenium.testng.PriorityTest" name="methodToExecute" time="0.379"/>
  <testcase classname="com.selenium.testng.PriorityTest" name="browserclose" time="0.003"/>
</testsuite> <!-- com.selenium.testng.PriorityTest -->
