<?xml version="1.0" encoding="UTF-8"?>
<!-- Generated by org.testng.reporters.JUnitReportReporter -->
<testsuite hostname="LTIN461553" failures="0" tests="1" name="com.selenium.basic.FileUpload" time="14.933" errors="0" timestamp="2024-07-16T12:09:27 IST" skipped="0">
  <testcase classname="com.selenium.basic.FileUpload" name="uploadFile" time="14.933"/>
</testsuite> <!-- com.selenium.basic.FileUpload -->
