<?xml version="1.0" encoding="UTF-8"?>
<!-- Generated by org.testng.reporters.JUnitReportReporter -->
<testsuite hostname="LTIN461553" failures="0" tests="1" name="com.selenium.testng.firstTestNGTest" time="14.737" errors="0" timestamp="2024-02-11T13:29:33 IST" skipped="0">
  <testcase classname="com.selenium.testng.firstTestNGTest" name="methodToExecute" time="14.737"/>
</testsuite> <!-- com.selenium.testng.firstTestNGTest -->
