<?xml version="1.0" encoding="UTF-8"?>
<!-- Generated by org.testng.reporters.JUnitReportReporter -->
<testsuite hostname="LTIN461553" failures="0" tests="1" name="com.selenium.testng.TestNGAnnotations" time="0.000" errors="0" timestamp="2024-02-12T19:04:39 IST" skipped="0">
  <testcase classname="com.selenium.testng.TestNGAnnotations" name="testCase1" time="0.000"/>
</testsuite> <!-- com.selenium.testng.TestNGAnnotations -->
